2021-11-22 01:53:14 [main] ERROR com.zccmyticketmaster.MyTicketMaster_CLI.App - Error at creating tickets handler
java.io.FileNotFoundException: login.propertiess (The system cannot find the file specified)
	at java.io.FileInputStream.open0(Native Method) ~[?:1.8.0_301]
	at java.io.FileInputStream.open(FileInputStream.java:195) ~[?:1.8.0_301]
	at java.io.FileInputStream.<init>(FileInputStream.java:138) ~[?:1.8.0_301]
	at java.io.FileInputStream.<init>(FileInputStream.java:93) ~[?:1.8.0_301]
	at com.zccmyticketmaster.MyTicketMaster_CLI.Util.Util.getLoginProperties(Util.java:13) ~[classes/:?]
	at com.zccmyticketmaster.MyTicketMaster_CLI.API.GetAllTickets.buildListTicktetsUrl(GetAllTickets.java:18) ~[classes/:?]
	at com.zccmyticketmaster.MyTicketMaster_CLI.API.GetAllTickets.getInitialResponse(GetAllTickets.java:45) ~[classes/:?]
	at com.zccmyticketmaster.MyTicketMaster_CLI.CLI.TicketsList.TicketsHandler.<init>(TicketsHandler.java:24) [classes/:?]
	at com.zccmyticketmaster.MyTicketMaster_CLI.CLI.TicketsList.TicketListPage.start(TicketListPage.java:16) [classes/:?]
	at com.zccmyticketmaster.MyTicketMaster_CLI.CLI.Index.start(Index.java:44) [classes/:?]
	at com.zccmyticketmaster.MyTicketMaster_CLI.App.main(App.java:20) [classes/:?]
2021-11-22 01:53:15 [main] ERROR com.zccmyticketmaster.MyTicketMaster_CLI.App - Error at creating tickets handler
java.io.FileNotFoundException: login.propertiess (The system cannot find the file specified)
	at java.io.FileInputStream.open0(Native Method) ~[?:1.8.0_301]
	at java.io.FileInputStream.open(FileInputStream.java:195) ~[?:1.8.0_301]
	at java.io.FileInputStream.<init>(FileInputStream.java:138) ~[?:1.8.0_301]
	at java.io.FileInputStream.<init>(FileInputStream.java:93) ~[?:1.8.0_301]
	at com.zccmyticketmaster.MyTicketMaster_CLI.Util.Util.getLoginProperties(Util.java:13) ~[classes/:?]
	at com.zccmyticketmaster.MyTicketMaster_CLI.API.GetAllTickets.buildListTicktetsUrl(GetAllTickets.java:18) ~[classes/:?]
	at com.zccmyticketmaster.MyTicketMaster_CLI.API.GetAllTickets.getInitialResponse(GetAllTickets.java:45) ~[classes/:?]
	at com.zccmyticketmaster.MyTicketMaster_CLI.CLI.TicketsList.TicketsHandler.<init>(TicketsHandler.java:24) [classes/:?]
	at com.zccmyticketmaster.MyTicketMaster_CLI.CLI.TicketsList.TicketListPage.start(TicketListPage.java:16) [classes/:?]
	at com.zccmyticketmaster.MyTicketMaster_CLI.CLI.Index.start(Index.java:44) [classes/:?]
	at com.zccmyticketmaster.MyTicketMaster_CLI.App.main(App.java:20) [classes/:?]
2021-11-22 01:53:15 [main] ERROR com.zccmyticketmaster.MyTicketMaster_CLI.App - Error at creating tickets handler
java.io.FileNotFoundException: login.propertiess (The system cannot find the file specified)
	at java.io.FileInputStream.open0(Native Method) ~[?:1.8.0_301]
	at java.io.FileInputStream.open(FileInputStream.java:195) ~[?:1.8.0_301]
	at java.io.FileInputStream.<init>(FileInputStream.java:138) ~[?:1.8.0_301]
	at java.io.FileInputStream.<init>(FileInputStream.java:93) ~[?:1.8.0_301]
	at com.zccmyticketmaster.MyTicketMaster_CLI.Util.Util.getLoginProperties(Util.java:13) ~[classes/:?]
	at com.zccmyticketmaster.MyTicketMaster_CLI.API.GetAllTickets.buildListTicktetsUrl(GetAllTickets.java:18) ~[classes/:?]
	at com.zccmyticketmaster.MyTicketMaster_CLI.API.GetAllTickets.getInitialResponse(GetAllTickets.java:45) ~[classes/:?]
	at com.zccmyticketmaster.MyTicketMaster_CLI.CLI.TicketsList.TicketsHandler.<init>(TicketsHandler.java:24) [classes/:?]
	at com.zccmyticketmaster.MyTicketMaster_CLI.CLI.TicketsList.TicketListPage.start(TicketListPage.java:16) [classes/:?]
	at com.zccmyticketmaster.MyTicketMaster_CLI.CLI.Index.start(Index.java:44) [classes/:?]
	at com.zccmyticketmaster.MyTicketMaster_CLI.App.main(App.java:20) [classes/:?]
